Arguments: 
  /Users/matthewnitschke/.asdf/installs/nodejs/17.8.0/bin/node /opt/homebrew/Cellar/yarn/1.22.19/libexec/bin/yarn.js global bin

PATH: 
  /Users/matthewnitschke/.asdf/plugins/nodejs/shims:/Users/matthewnitschke/.asdf/installs/nodejs/17.8.0/.npm/bin:/Users/matthewnitschke/.asdf/installs/nodejs/17.8.0/bin:/usr/local/bin:/Users/matthewnitschke/.asdf/shims:/Users/matthewnitschke/.asdf/bin:/usr/local/bin:/usr/bin:/bin:/usr/sbin:/sbin:/Library/Apple/usr/bin:/Users/matthewnitschke/.asdf/plugins/nodejs/shims:/Users/matthewnitschke/.asdf/installs/nodejs/17.8.0/.npm/bin:/Users/matthewnitschke/.asdf/installs/nodejs/17.8.0/bin:/opt/homebrew/bin:/Users/matthewnitschke/.wk/bin:/Users/matthewnitschke/flutter/bin:/bin/parsimony:/Users/matthewnitschke/.pub-cache/bin:/opt/homebrew/opt/fzf/bin

Yarn version: 
  1.22.19

Node version: 
  17.8.0

Platform: 
  darwin arm64

Trace: 
  SyntaxError: /Users/matthewnitschke/Desktop/copy-as-package-import/package.json: Unexpected token } in JSON at position 725
      at JSON.parse (<anonymous>)
      at /opt/homebrew/Cellar/yarn/1.22.19/libexec/lib/cli.js:1629:59
      at Generator.next (<anonymous>)
      at step (/opt/homebrew/Cellar/yarn/1.22.19/libexec/lib/cli.js:310:30)
      at /opt/homebrew/Cellar/yarn/1.22.19/libexec/lib/cli.js:321:13

npm manifest: 
  {
    "name": "copy-as-package-import",
    "displayName": "copy_as_package_import",
    "description": "",
    "version": "0.0.1",
    "engines": {
      "vscode": "^1.71.0"
    },
    "categories": [
      "Other"
    ],
    "activationEvents": [
      "onCommand:copy-as-package-import.helloWorld"
    ],
    "main": "./out/extension.js",
    "contributes": {
      "commands": [
        {
          "command": "copy-as-package-import.copy",
          "title": "Copy as Package Import"
        }
      ],
      "menus": {
        "editor/title/context": [
          {
            "when": "resourceLangId == dart",
            "command": "copy-as-package-import.copy",
            "alt": "markdown.showPreviewToSide",
            "group": "navigation"
          }
        ]
      },
    },
    "scripts": {
      "vscode:prepublish": "npm run compile",
      "compile": "tsc -p ./",
      "watch": "tsc -watch -p ./",
      "pretest": "npm run compile && npm run lint",
      "lint": "eslint src --ext ts",
      "test": "node ./out/test/runTest.js"
    },
    "devDependencies": {
      "@types/vscode": "^1.71.0",
      "@types/glob": "^7.2.0",
      "@types/mocha": "^9.1.1",
      "@types/node": "16.x",
      "@typescript-eslint/eslint-plugin": "^5.31.0",
      "@typescript-eslint/parser": "^5.31.0",
      "eslint": "^8.20.0",
      "glob": "^8.0.3",
      "mocha": "^10.0.0",
      "typescript": "^4.7.4",
      "@vscode/test-electron": "^2.1.5"
    }
  }

yarn manifest: 
  No manifest

Lockfile: 
  No lockfile
